TN:
SF:src/get-org-code-stats.js
FN:9,loadDefaultTargetTeams
FN:34,parseArgs
FN:49,(anonymous_2)
FN:82,validateDate
FN:87,checkToken
FN:111,getAllRepos
FN:131,(anonymous_6)
FN:143,(anonymous_7)
FN:149,(anonymous_8)
FN:167,getCopilotMetrics
FN:205,(anonymous_10)
FN:209,(anonymous_11)
FN:211,(anonymous_12)
FN:213,(anonymous_13)
FN:259,getTeamCopilotMetrics
FN:292,(anonymous_15)
FN:297,(anonymous_16)
FN:299,(anonymous_17)
FN:301,(anonymous_18)
FN:321,(anonymous_19)
FN:353,analyzeCommitForCopilot
FN:375,getRepoStats
FN:448,(anonymous_22)
FN:460,(anonymous_23)
FN:466,(anonymous_24)
FN:524,getOrgTeams
FN:530,(anonymous_26)
FN:531,(anonymous_27)
FN:545,getTeamMembers
FN:554,(anonymous_29)
FN:565,isUserInTargetTeams
FN:576,getRepoContributors
FN:580,(anonymous_32)
FN:588,checkRepoTeamContribution
FN:609,getRepoMergedPRs
FN:633,(anonymous_35)
FN:686,getPRDetails
FN:698,(anonymous_37)
FN:712,(anonymous_38)
FN:721,analyzeAICodeInPR
FN:794,getRepoBranch
FN:811,(anonymous_41)
FN:821,calculateTeamDailyStats
FN:847,(anonymous_43)
FN:867,(anonymous_44)
FN:887,getTeamDailyCommits
FN:901,(anonymous_46)
FN:921,getRepoCommitsForTeam
FN:999,displayTeamStatsTable
FN:1006,(anonymous_49)
FN:1007,(anonymous_50)
FN:1023,(anonymous_51)
FN:1044,(anonymous_52)
FN:1045,(anonymous_53)
FNF:54
FNH:35
FNDA:4,loadDefaultTargetTeams
FNDA:6,parseArgs
FNDA:3,(anonymous_2)
FNDA:9,validateDate
FNDA:6,checkToken
FNDA:6,getAllRepos
FNDA:10,(anonymous_6)
FNDA:6,(anonymous_7)
FNDA:6,(anonymous_8)
FNDA:3,getCopilotMetrics
FNDA:1,(anonymous_10)
FNDA:1,(anonymous_11)
FNDA:1,(anonymous_12)
FNDA:1,(anonymous_13)
FNDA:1,getTeamCopilotMetrics
FNDA:0,(anonymous_15)
FNDA:0,(anonymous_16)
FNDA:0,(anonymous_17)
FNDA:0,(anonymous_18)
FNDA:0,(anonymous_19)
FNDA:3,analyzeCommitForCopilot
FNDA:0,getRepoStats
FNDA:0,(anonymous_22)
FNDA:0,(anonymous_23)
FNDA:0,(anonymous_24)
FNDA:1,getOrgTeams
FNDA:1,(anonymous_26)
FNDA:1,(anonymous_27)
FNDA:3,getTeamMembers
FNDA:2,(anonymous_29)
FNDA:2,isUserInTargetTeams
FNDA:0,getRepoContributors
FNDA:0,(anonymous_32)
FNDA:0,checkRepoTeamContribution
FNDA:2,getRepoMergedPRs
FNDA:2,(anonymous_35)
FNDA:2,getPRDetails
FNDA:2,(anonymous_37)
FNDA:2,(anonymous_38)
FNDA:2,analyzeAICodeInPR
FNDA:3,getRepoBranch
FNDA:3,(anonymous_41)
FNDA:1,calculateTeamDailyStats
FNDA:0,(anonymous_43)
FNDA:0,(anonymous_44)
FNDA:1,getTeamDailyCommits
FNDA:0,(anonymous_46)
FNDA:2,getRepoCommitsForTeam
FNDA:1,displayTeamStatsTable
FNDA:1,(anonymous_49)
FNDA:0,(anonymous_50)
FNDA:0,(anonymous_51)
FNDA:0,(anonymous_52)
FNDA:0,(anonymous_53)
DA:6,4
DA:10,4
DA:11,4
DA:13,4
DA:14,4
DA:15,4
DA:17,4
DA:18,0
DA:19,0
DA:22,4
DA:24,0
DA:25,0
DA:31,4
DA:35,6
DA:36,6
DA:38,6
DA:39,7
DA:40,2
DA:41,2
DA:42,5
DA:43,2
DA:44,2
DA:45,3
DA:46,2
DA:47,2
DA:48,1
DA:49,3
DA:50,1
DA:51,0
DA:52,0
DA:74,0
DA:78,6
DA:83,9
DA:88,6
DA:89,6
DA:90,3
DA:91,3
DA:94,3
DA:95,1
DA:97,2
DA:100,3
DA:102,3
DA:103,3
DA:104,2
DA:105,2
DA:107,3
DA:112,6
DA:113,6
DA:115,6
DA:116,6
DA:119,6
DA:120,6
DA:123,6
DA:125,4
DA:126,0
DA:127,0
DA:131,4
DA:132,10
DA:133,10
DA:136,4
DA:137,1
DA:138,1
DA:139,1
DA:142,3
DA:143,3
DA:144,6
DA:145,6
DA:149,3
DA:150,6
DA:151,6
DA:155,2
DA:156,1
DA:157,1
DA:158,1
DA:160,0
DA:162,2
DA:168,3
DA:169,3
DA:170,3
DA:173,3
DA:175,1
DA:176,1
DA:177,1
DA:180,1
DA:181,1
DA:182,1
DA:184,3
DA:186,1
DA:187,1
DA:188,1
DA:189,1
DA:190,1
DA:193,3
DA:194,3
DA:197,2
DA:198,2
DA:200,2
DA:203,2
DA:205,2
DA:206,1
DA:208,1
DA:209,1
DA:210,1
DA:211,1
DA:212,1
DA:213,1
DA:214,1
DA:215,1
DA:216,1
DA:217,1
DA:226,0
DA:228,0
DA:231,2
DA:233,2
DA:239,1
DA:240,1
DA:241,1
DA:242,1
DA:243,0
DA:244,0
DA:245,0
DA:246,0
DA:247,0
DA:250,1
DA:260,1
DA:261,1
DA:262,1
DA:265,1
DA:267,1
DA:268,1
DA:269,1
DA:272,1
DA:273,1
DA:275,1
DA:277,1
DA:278,1
DA:279,1
DA:280,1
DA:283,1
DA:286,1
DA:287,1
DA:288,1
DA:291,1
DA:292,1
DA:293,0
DA:296,0
DA:297,0
DA:298,0
DA:299,0
DA:300,0
DA:301,0
DA:302,0
DA:310,0
DA:321,1
DA:322,0
DA:326,1
DA:328,1
DA:334,0
DA:335,0
DA:336,0
DA:337,0
DA:338,0
DA:339,0
DA:340,0
DA:341,0
DA:344,0
DA:355,3
DA:356,2
DA:358,1
DA:360,1
DA:369,2
DA:376,0
DA:378,0
DA:379,0
DA:382,0
DA:383,0
DA:384,0
DA:385,0
DA:390,0
DA:391,0
DA:392,0
DA:395,0
DA:396,0
DA:397,0
DA:401,0
DA:404,0
DA:405,0
DA:407,0
DA:408,0
DA:409,0
DA:412,0
DA:413,0
DA:414,0
DA:415,0
DA:416,0
DA:423,0
DA:424,0
DA:425,0
DA:428,0
DA:429,0
DA:430,0
DA:433,0
DA:436,0
DA:437,0
DA:438,0
DA:439,0
DA:440,0
DA:441,0
DA:448,0
DA:449,0
DA:450,0
DA:451,0
DA:453,0
DA:457,0
DA:460,0
DA:461,0
DA:462,0
DA:463,0
DA:466,0
DA:467,0
DA:469,0
DA:472,0
DA:476,0
DA:477,0
DA:478,0
DA:485,0
DA:487,0
DA:488,0
DA:489,0
DA:493,0
DA:494,0
DA:495,0
DA:496,0
DA:500,0
DA:501,0
DA:506,0
DA:507,0
DA:510,0
DA:512,0
DA:514,0
DA:516,0
DA:521,4
DA:525,1
DA:526,1
DA:527,1
DA:528,1
DA:530,1
DA:531,1
DA:532,1
DA:536,1
DA:537,1
DA:539,0
DA:540,0
DA:546,3
DA:547,3
DA:548,2
DA:551,1
DA:552,1
DA:553,1
DA:554,2
DA:556,1
DA:557,1
DA:559,0
DA:560,0
DA:566,2
DA:567,2
DA:568,2
DA:569,2
DA:572,0
DA:577,0
DA:578,0
DA:579,0
DA:580,0
DA:582,0
DA:583,0
DA:589,0
DA:590,0
DA:592,0
DA:593,0
DA:594,0
DA:597,0
DA:598,0
DA:599,0
DA:600,0
DA:604,0
DA:605,0
DA:610,2
DA:611,2
DA:612,2
DA:613,2
DA:621,2
DA:622,2
DA:623,2
DA:625,2
DA:626,2
DA:627,2
DA:633,2
DA:635,2
DA:637,2
DA:640,2
DA:641,2
DA:643,2
DA:646,2
DA:647,2
DA:648,2
DA:652,2
DA:653,2
DA:656,2
DA:657,2
DA:658,2
DA:659,0
DA:663,0
DA:664,0
DA:665,0
DA:667,0
DA:669,0
DA:673,2
DA:674,2
DA:676,0
DA:677,0
DA:679,0
DA:681,0
DA:687,2
DA:688,2
DA:689,2
DA:692,2
DA:693,2
DA:695,2
DA:696,2
DA:698,2
DA:699,2
DA:700,2
DA:703,2
DA:712,2
DA:715,0
DA:716,0
DA:722,2
DA:723,2
DA:724,2
DA:725,2
DA:726,2
DA:727,2
DA:731,2
DA:732,2
DA:733,2
DA:735,2
DA:737,2
DA:738,2
DA:740,2
DA:741,2
DA:742,0
DA:745,0
DA:746,0
DA:748,0
DA:749,0
DA:750,0
DA:751,0
DA:754,2
DA:756,2
DA:757,0
DA:758,0
DA:759,0
DA:760,0
DA:761,0
DA:762,0
DA:767,0
DA:769,0
DA:770,0
DA:771,0
DA:772,0
DA:773,0
DA:774,0
DA:775,0
DA:777,0
DA:781,2
DA:782,2
DA:788,0
DA:789,0
DA:795,3
DA:796,3
DA:798,3
DA:800,3
DA:801,3
DA:804,3
DA:806,2
DA:807,0
DA:810,2
DA:811,3
DA:813,2
DA:815,1
DA:816,1
DA:822,1
DA:824,1
DA:826,1
DA:827,1
DA:830,1
DA:833,1
DA:834,1
DA:837,1
DA:846,1
DA:847,0
DA:848,0
DA:849,0
DA:850,0
DA:856,0
DA:858,0
DA:863,1
DA:864,1
DA:867,1
DA:868,0
DA:869,0
DA:875,0
DA:877,0
DA:880,1
DA:883,1
DA:888,1
DA:890,1
DA:892,1
DA:894,1
DA:895,2
DA:898,2
DA:901,2
DA:902,0
DA:903,0
DA:904,0
DA:909,0
DA:910,0
DA:914,0
DA:917,1
DA:922,2
DA:923,2
DA:924,2
DA:929,2
DA:930,2
DA:932,2
DA:934,2
DA:935,2
DA:936,2
DA:939,2
DA:940,2
DA:941,2
DA:943,2
DA:944,2
DA:945,2
DA:950,0
DA:951,0
DA:952,0
DA:956,0
DA:957,0
DA:960,0
DA:961,0
DA:963,0
DA:964,0
DA:966,0
DA:968,0
DA:978,0
DA:983,0
DA:984,0
DA:986,2
DA:987,2
DA:991,2
DA:993,0
DA:994,0
DA:1000,1
DA:1001,1
DA:1002,1
DA:1005,1
DA:1006,1
DA:1007,1
DA:1010,1
DA:1012,1
DA:1013,1
DA:1014,1
DA:1018,0
DA:1019,0
DA:1020,0
DA:1021,0
DA:1023,0
DA:1024,0
DA:1025,0
DA:1026,0
DA:1027,0
DA:1028,0
DA:1031,0
DA:1032,0
DA:1035,0
DA:1038,0
DA:1039,0
DA:1040,0
DA:1041,0
DA:1042,0
DA:1044,0
DA:1045,0
DA:1046,0
DA:1047,0
DA:1048,0
DA:1049,0
DA:1050,0
DA:1051,0
DA:1054,0
DA:1057,0
DA:1059,0
DA:1064,0
DA:1069,4
LF:504
LH:277
BRDA:17,0,0,0
BRDA:17,0,1,4
BRDA:17,1,0,4
BRDA:17,1,1,4
BRDA:39,2,0,2
BRDA:39,2,1,5
BRDA:39,3,0,7
BRDA:39,3,1,2
BRDA:42,4,0,2
BRDA:42,4,1,3
BRDA:42,5,0,5
BRDA:42,5,1,2
BRDA:45,6,0,2
BRDA:45,6,1,1
BRDA:45,7,0,3
BRDA:45,7,1,2
BRDA:48,8,0,1
BRDA:48,8,1,0
BRDA:48,9,0,1
BRDA:48,9,1,1
BRDA:51,10,0,0
BRDA:51,10,1,0
BRDA:51,11,0,0
BRDA:51,11,1,0
BRDA:83,12,0,9
BRDA:83,12,1,6
BRDA:94,13,0,1
BRDA:94,13,1,2
BRDA:94,14,0,3
BRDA:94,14,1,3
BRDA:103,15,0,2
BRDA:103,15,1,1
BRDA:119,16,0,6
BRDA:119,16,1,0
BRDA:120,17,0,0
BRDA:120,17,1,6
BRDA:125,18,0,0
BRDA:125,18,1,4
BRDA:125,19,0,4
BRDA:125,19,1,4
BRDA:136,20,0,1
BRDA:136,20,1,3
BRDA:155,21,0,1
BRDA:155,21,1,1
BRDA:157,22,0,1
BRDA:157,22,1,0
BRDA:173,23,0,1
BRDA:173,23,1,2
BRDA:180,24,0,0
BRDA:180,24,1,1
BRDA:184,25,0,1
BRDA:184,25,1,2
BRDA:188,26,0,1
BRDA:188,26,1,0
BRDA:200,27,0,2
BRDA:200,27,1,0
BRDA:203,28,0,2
BRDA:203,28,1,0
BRDA:203,29,0,2
BRDA:203,29,1,2
BRDA:208,30,0,1
BRDA:208,30,1,0
BRDA:208,31,0,1
BRDA:208,31,1,1
BRDA:210,32,0,1
BRDA:210,32,1,0
BRDA:212,33,0,1
BRDA:212,33,1,0
BRDA:214,34,0,1
BRDA:214,34,1,0
BRDA:216,35,0,1
BRDA:216,35,1,0
BRDA:226,36,0,0
BRDA:226,36,1,0
BRDA:226,37,0,0
BRDA:226,37,1,0
BRDA:231,38,0,2
BRDA:231,38,1,0
BRDA:236,39,0,2
BRDA:236,39,1,0
BRDA:240,40,0,1
BRDA:240,40,1,0
BRDA:241,41,0,1
BRDA:241,41,1,0
BRDA:243,42,0,0
BRDA:243,42,1,0
BRDA:246,43,0,0
BRDA:246,43,1,0
BRDA:265,44,0,1
BRDA:265,44,1,0
BRDA:272,45,0,0
BRDA:272,45,1,1
BRDA:275,46,0,1
BRDA:275,46,1,0
BRDA:279,47,0,1
BRDA:279,47,1,0
BRDA:291,48,0,1
BRDA:291,48,1,0
BRDA:291,49,0,1
BRDA:291,49,1,1
BRDA:296,50,0,0
BRDA:296,50,1,0
BRDA:296,51,0,0
BRDA:296,51,1,0
BRDA:298,52,0,0
BRDA:298,52,1,0
BRDA:300,53,0,0
BRDA:300,53,1,0
BRDA:302,54,0,0
BRDA:302,54,1,0
BRDA:312,55,0,0
BRDA:312,55,1,0
BRDA:313,56,0,0
BRDA:313,56,1,0
BRDA:314,57,0,0
BRDA:314,57,1,0
BRDA:315,58,0,0
BRDA:315,58,1,0
BRDA:316,59,0,0
BRDA:316,59,1,0
BRDA:335,60,0,0
BRDA:335,60,1,0
BRDA:336,61,0,0
BRDA:336,61,1,0
BRDA:338,62,0,0
BRDA:338,62,1,0
BRDA:340,63,0,0
BRDA:340,63,1,0
BRDA:353,64,0,0
BRDA:355,65,0,2
BRDA:355,65,1,1
BRDA:355,66,0,3
BRDA:355,66,1,2
BRDA:355,66,2,2
BRDA:356,67,0,1
BRDA:356,67,1,1
BRDA:356,68,0,2
BRDA:356,68,1,1
BRDA:382,69,0,0
BRDA:382,69,1,0
BRDA:384,70,0,0
BRDA:384,70,1,0
BRDA:390,71,0,0
BRDA:390,71,1,0
BRDA:395,72,0,0
BRDA:395,72,1,0
BRDA:404,73,0,0
BRDA:404,73,1,0
BRDA:405,74,0,0
BRDA:405,74,1,0
BRDA:423,75,0,0
BRDA:423,75,1,0
BRDA:428,76,0,0
BRDA:428,76,1,0
BRDA:450,77,0,0
BRDA:450,77,1,0
BRDA:451,78,0,0
BRDA:451,78,1,0
BRDA:461,79,0,0
BRDA:461,79,1,0
BRDA:472,80,0,0
BRDA:472,80,1,0
BRDA:473,81,0,0
BRDA:473,81,1,0
BRDA:473,81,2,0
BRDA:473,81,3,0
BRDA:476,82,0,0
BRDA:476,82,1,0
BRDA:477,83,0,0
BRDA:477,83,1,0
BRDA:485,84,0,0
BRDA:485,84,1,0
BRDA:485,85,0,0
BRDA:485,85,1,0
BRDA:485,85,2,0
BRDA:493,86,0,0
BRDA:493,86,1,0
BRDA:493,87,0,0
BRDA:493,87,1,0
BRDA:495,88,0,0
BRDA:495,88,1,0
BRDA:500,89,0,0
BRDA:500,89,1,0
BRDA:500,90,0,0
BRDA:500,90,1,0
BRDA:502,91,0,0
BRDA:502,91,1,0
BRDA:503,92,0,0
BRDA:503,92,1,0
BRDA:512,93,0,0
BRDA:512,93,1,0
BRDA:512,94,0,0
BRDA:512,94,1,0
BRDA:547,95,0,2
BRDA:547,95,1,1
BRDA:568,96,0,2
BRDA:568,96,1,0
BRDA:592,97,0,0
BRDA:592,97,1,0
BRDA:598,98,0,0
BRDA:598,98,1,0
BRDA:635,99,0,0
BRDA:635,99,1,2
BRDA:640,100,0,2
BRDA:640,100,1,2
BRDA:641,101,0,2
BRDA:641,101,1,2
BRDA:643,102,0,2
BRDA:643,102,1,2
BRDA:646,103,0,2
BRDA:646,103,1,0
BRDA:656,104,0,2
BRDA:656,104,1,0
BRDA:658,105,0,0
BRDA:658,105,1,2
BRDA:658,106,0,2
BRDA:658,106,1,2
BRDA:663,107,0,0
BRDA:663,107,1,0
BRDA:663,108,0,0
BRDA:663,108,1,0
BRDA:676,109,0,0
BRDA:676,109,1,0
BRDA:676,110,0,0
BRDA:676,110,1,0
BRDA:699,111,0,2
BRDA:699,111,1,0
BRDA:700,112,0,2
BRDA:700,112,1,0
BRDA:721,113,0,0
BRDA:724,114,0,2
BRDA:724,114,1,0
BRDA:725,115,0,2
BRDA:725,115,1,0
BRDA:725,116,0,2
BRDA:725,116,1,2
BRDA:726,117,0,2
BRDA:726,117,1,0
BRDA:735,118,0,2
BRDA:735,118,1,0
BRDA:735,119,0,2
BRDA:735,119,1,2
BRDA:735,119,2,2
BRDA:748,120,0,0
BRDA:748,120,1,0
BRDA:751,121,0,0
BRDA:751,121,1,0
BRDA:756,122,0,0
BRDA:756,122,1,2
BRDA:760,123,0,0
BRDA:760,123,1,0
BRDA:769,124,0,0
BRDA:769,124,1,0
BRDA:769,125,0,0
BRDA:769,125,1,0
BRDA:769,125,2,0
BRDA:773,126,0,0
BRDA:773,126,1,0
BRDA:800,127,0,3
BRDA:800,127,1,0
BRDA:801,128,0,0
BRDA:801,128,1,3
BRDA:806,129,0,0
BRDA:806,129,1,2
BRDA:806,130,0,2
BRDA:806,130,1,2
BRDA:813,131,0,1
BRDA:813,131,1,1
BRDA:846,132,0,0
BRDA:846,132,1,1
BRDA:846,133,0,1
BRDA:846,133,1,1
BRDA:849,134,0,0
BRDA:849,134,1,0
BRDA:853,135,0,0
BRDA:853,135,1,0
BRDA:856,136,0,0
BRDA:856,136,1,0
BRDA:858,137,0,0
BRDA:858,137,1,0
BRDA:868,138,0,0
BRDA:868,138,1,0
BRDA:903,139,0,0
BRDA:903,139,1,0
BRDA:929,140,0,2
BRDA:929,140,1,0
BRDA:932,141,0,2
BRDA:932,141,1,0
BRDA:943,142,0,4
BRDA:943,142,1,2
BRDA:950,143,0,0
BRDA:950,143,1,0
BRDA:957,144,0,0
BRDA:957,144,1,0
BRDA:960,145,0,0
BRDA:960,145,1,0
BRDA:972,146,0,0
BRDA:972,146,1,0
BRDA:973,147,0,0
BRDA:973,147,1,0
BRDA:1001,148,0,1
BRDA:1001,148,1,0
BRDA:1001,149,0,1
BRDA:1001,149,1,0
BRDA:1012,150,0,1
BRDA:1012,150,1,0
BRDA:1028,151,0,0
BRDA:1028,151,1,0
BRDA:1038,152,0,0
BRDA:1038,152,1,0
BRDA:1047,153,0,0
BRDA:1047,153,1,0
BRDA:1054,154,0,0
BRDA:1054,154,1,0
BRF:314
BRH:117
end_of_record
TN:
SF:src/github-stats-core.js
FN:10,collectStats
FN:84,createHeaders
FN:95,validateToken
FN:109,verifyOrgAccess
FN:129,getTeamsForAnalysis
FN:131,(anonymous_5)
FN:144,displayDateFilters
FN:156,getAllMergedPRs
FN:164,(anonymous_8)
FN:178,filterPRsByTeamMembers
FN:198,calculateCodeStats
FN:238,displaySummaryReport
FN:246,(anonymous_12)
FNF:13
FNH:13
FNDA:12,collectStats
FNDA:12,createHeaders
FNDA:12,validateToken
FNDA:10,verifyOrgAccess
FNDA:6,getTeamsForAnalysis
FNDA:6,(anonymous_5)
FNDA:5,displayDateFilters
FNDA:5,getAllMergedPRs
FNDA:12,(anonymous_8)
FNDA:5,filterPRsByTeamMembers
FNDA:5,calculateCodeStats
FNDA:5,displaySummaryReport
FNDA:11,(anonymous_12)
DA:6,3
DA:7,3
DA:11,12
DA:13,12
DA:16,12
DA:17,2
DA:21,10
DA:22,3
DA:26,7
DA:28,7
DA:29,1
DA:30,1
DA:34,6
DA:35,6
DA:36,1
DA:40,5
DA:43,5
DA:46,5
DA:48,5
DA:51,5
DA:54,5
DA:57,5
DA:60,5
DA:76,5
DA:78,5
DA:85,12
DA:96,12
DA:97,12
DA:98,2
DA:99,2
DA:100,2
DA:101,2
DA:103,10
DA:110,10
DA:111,10
DA:112,10
DA:113,7
DA:114,7
DA:116,3
DA:117,3
DA:118,2
DA:119,1
DA:120,0
DA:122,3
DA:130,6
DA:131,6
DA:133,6
DA:134,6
DA:135,1
DA:136,1
DA:138,5
DA:145,5
DA:146,5
DA:147,5
DA:148,5
DA:149,5
DA:157,5
DA:158,5
DA:160,5
DA:161,10
DA:164,10
DA:165,12
DA:168,10
DA:171,5
DA:172,5
DA:179,5
DA:180,5
DA:182,5
DA:184,12
DA:187,12
DA:188,11
DA:192,5
DA:199,5
DA:202,5
DA:204,5
DA:205,5
DA:206,5
DA:208,5
DA:210,5
DA:211,11
DA:213,11
DA:214,11
DA:215,11
DA:216,11
DA:219,11
DA:220,11
DA:221,2
DA:222,2
DA:227,5
DA:239,5
DA:240,5
DA:241,5
DA:242,5
DA:243,5
DA:245,5
DA:246,5
DA:247,11
DA:250,5
DA:251,5
DA:252,5
DA:253,5
DA:254,5
DA:257,3
LF:103
LH:102
BRDA:16,0,0,2
BRDA:16,0,1,10
BRDA:21,1,0,3
BRDA:21,1,1,7
BRDA:28,2,0,1
BRDA:28,2,1,6
BRDA:35,3,0,1
BRDA:35,3,1,5
BRDA:97,4,0,2
BRDA:97,4,1,10
BRDA:113,5,0,7
BRDA:113,5,1,0
BRDA:117,6,0,2
BRDA:117,6,1,1
BRDA:117,7,0,3
BRDA:117,7,1,2
BRDA:119,8,0,0
BRDA:119,8,1,1
BRDA:134,9,0,1
BRDA:134,9,1,5
BRDA:145,10,0,5
BRDA:145,10,1,0
BRDA:145,11,0,5
BRDA:145,11,1,0
BRDA:147,12,0,5
BRDA:147,12,1,0
BRDA:148,13,0,5
BRDA:148,13,1,0
BRDA:187,14,0,11
BRDA:187,14,1,1
BRDA:213,15,0,11
BRDA:213,15,1,0
BRDA:220,16,0,2
BRDA:220,16,1,9
BRF:34
BRH:27
end_of_record
